\BOOKMARK [0][-]{chapter*.1}{\376\377\144\130\000\040\000\040\000\040\000\040\211\201}{}% 1
\BOOKMARK [0][-]{chapter*.2}{\376\377\000A\000b\000s\000t\000r\000a\000c\000t}{}% 2
\BOOKMARK [0][-]{chapter.1}{\376\377\137\025\000\040\000\040\000\040\000\040\212\000}{}% 3
\BOOKMARK [0][-]{chapter.2}{\376\377\116\000\176\247\230\230\166\356}{}% 4
\BOOKMARK [1][-]{section.2.1}{\376\377\116\214\176\247\230\230\166\356}{chapter.2}% 5
\BOOKMARK [2][-]{subsection.2.1.1}{\376\377\116\011\176\247\230\230\166\356}{section.2.1}% 6
\BOOKMARK [1][-]{section.2.2}{\376\377\126\376\000-\171\072\117\213}{chapter.2}% 7
\BOOKMARK [1][-]{section.2.3}{\376\377\121\154\137\017\000-\171\072\117\213}{chapter.2}% 8
\BOOKMARK [1][-]{section.2.4}{\376\377\210\150\000-\171\072\117\213}{chapter.2}% 9
\BOOKMARK [1][-]{section.2.5}{\376\377\117\052\116\343\170\001\000-\171\072\117\213}{chapter.2}% 10
\BOOKMARK [1][-]{section.2.6}{\376\377\116\343\170\001\127\127\000-\171\072\117\213}{chapter.2}% 11
\BOOKMARK [0][-]{chapter.3}{\376\377\166\370\121\163\135\345\117\134}{}% 12
\BOOKMARK [1][-]{section.3.1}{\376\377\126\375\121\205\170\024\172\166\163\260\162\266}{chapter.3}% 13
\BOOKMARK [2][-]{subsection.3.1.1}{\376\377\147\072\126\150\133\146\116\140}{section.3.1}% 14
\BOOKMARK [2][-]{subsection.3.1.2}{\376\377\155\361\136\246\133\146\116\140}{section.3.1}% 15
\BOOKMARK [1][-]{section.3.2}{\376\377\126\375\131\026\170\024\172\166\163\260\162\266}{chapter.3}% 16
\BOOKMARK [2][-]{subsection.3.2.1}{\376\377\147\072\126\150\133\146\116\140}{section.3.2}% 17
\BOOKMARK [2][-]{subsection.3.2.2}{\376\377\155\361\136\246\133\146\116\140}{section.3.2}% 18
\BOOKMARK [0][-]{chapter*.7}{\376\377\176\323\000\040\000\040\000\040\000\040\213\272}{}% 19
\BOOKMARK [0][-]{chapter*.8}{\376\377\123\302\200\003\145\207\163\056}{}% 20
\BOOKMARK [0][-]{chapter*.9}{\376\377\123\302\200\003\145\207\163\056}{}% 21
\BOOKMARK [0][-]{chapter*.10}{\376\377\226\104\137\125\000A\000\040\000\040\000\040\000\040\226\104\137\125\121\205\133\271\166\204\124\015\171\360}{}% 22
\BOOKMARK [0][-]{chapter*.11}{\376\377\201\364\000\040\000\040\000\040\000\040\214\042}{}% 23
